<?xml version="1.0" encoding="UTF-8"?>
<testsuite name="com.VSS.service.AdminServiceTest" tests="3" skipped="0" failures="0" errors="0" timestamp="2024-12-13T05:00:35" hostname="LAPTOP-RG87O12C" time="0.065">
  <properties/>
  <testcase name="testAddUser()" classname="com.VSS.service.AdminServiceTest" time="0.055"/>
  <testcase name="testGetAllUsers()" classname="com.VSS.service.AdminServiceTest" time="0.004"/>
  <testcase name="testDeleteUserByUsername()" classname="com.VSS.service.AdminServiceTest" time="0.003"/>
  <system-out><![CDATA[]]></system-out>
  <system-err><![CDATA[]]></system-err>
</testsuite>
