<?xml version="1.0" encoding="UTF-8"?>
<testsuite name="com.VSS.model.ScrollTest" tests="5" skipped="0" failures="0" errors="0" timestamp="2024-12-29T17:14:51" hostname="LAPTOP-RG87O12C" time="0.018">
  <properties/>
  <testcase name="testGettersAndSetters()" classname="com.VSS.model.ScrollTest" time="0.008"/>
  <testcase name="testBytesToFile()" classname="com.VSS.model.ScrollTest" time="0.002"/>
  <testcase name="testFileToBytes()" classname="com.VSS.model.ScrollTest" time="0.002"/>
  <testcase name="testConstructor()" classname="com.VSS.model.ScrollTest" time="0.001"/>
  <testcase name="testDefaultConstructor()" classname="com.VSS.model.ScrollTest" time="0.003"/>
  <system-out><![CDATA[]]></system-out>
  <system-err><![CDATA[]]></system-err>
</testsuite>
