<?xml version="1.0" encoding="UTF-8"?>
<testsuite name="com.VSS.controller.AdminControllerTest" tests="2" skipped="0" failures="0" errors="0" timestamp="2024-10-24T00:00:16" hostname="LAPTOP-RG87O12C" time="0.51">
  <properties/>
  <testcase name="testAddUser()" classname="com.VSS.controller.AdminControllerTest" time="0.41"/>
  <testcase name="testGetAllUsers()" classname="com.VSS.controller.AdminControllerTest" time="0.098"/>
  <system-out><![CDATA[]]></system-out>
  <system-err><![CDATA[]]></system-err>
</testsuite>
