<?xml version="1.0" encoding="UTF-8"?>
<testsuite name="com.VSS.controller.ScrollControllerTest" tests="9" skipped="0" failures="0" errors="0" timestamp="2024-12-05T17:53:37" hostname="LAPTOP-RG87O12C" time="0.247">
  <properties/>
  <testcase name="testEditNullScroll()" classname="com.VSS.controller.ScrollControllerTest" time="0.107"/>
  <testcase name="testListOrSearchScrolls()" classname="com.VSS.controller.ScrollControllerTest" time="0.03"/>
  <testcase name="testPreviewNullScroll()" classname="com.VSS.controller.ScrollControllerTest" time="0.014"/>
  <testcase name="testDeleteNullScroll()" classname="com.VSS.controller.ScrollControllerTest" time="0.013"/>
  <testcase name="testListScrollsByUser()" classname="com.VSS.controller.ScrollControllerTest" time="0.016"/>
  <testcase name="testDeleteScroll()" classname="com.VSS.controller.ScrollControllerTest" time="0.014"/>
  <testcase name="testSearchScrolls()" classname="com.VSS.controller.ScrollControllerTest" time="0.018"/>
  <testcase name="testEditScroll()" classname="com.VSS.controller.ScrollControllerTest" time="0.015"/>
  <testcase name="testNullListScrollsByUser()" classname="com.VSS.controller.ScrollControllerTest" time="0.011"/>
  <system-out><![CDATA[]]></system-out>
  <system-err><![CDATA[]]></system-err>
</testsuite>
