<?xml version="1.0" encoding="UTF-8"?>
<testsuite name="com.VSS.service.AdminServiceTest" tests="3" skipped="0" failures="0" errors="0" timestamp="2025-03-06T00:56:04" hostname="LAPTOP-RG87O12C" time="0.041">
  <properties/>
  <testcase name="testAddUser()" classname="com.VSS.service.AdminServiceTest" time="0.037"/>
  <testcase name="testGetAllUsers()" classname="com.VSS.service.AdminServiceTest" time="0.002"/>
  <testcase name="testDeleteUserByUsername()" classname="com.VSS.service.AdminServiceTest" time="0.001"/>
  <system-out><![CDATA[]]></system-out>
  <system-err><![CDATA[]]></system-err>
</testsuite>
