<?xml version="1.0" encoding="UTF-8"?>
<testsuite name="com.VSS.controller.ScrollControllerTest" tests="14" skipped="0" failures="0" errors="0" timestamp="2024-10-24T00:00:16" hostname="LAPTOP-RG87O12C" time="0.267">
  <properties/>
  <testcase name="testUploadScrollException()" classname="com.VSS.controller.ScrollControllerTest" time="0.082"/>
  <testcase name="testDownloadNullScroll()" classname="com.VSS.controller.ScrollControllerTest" time="0.021"/>
  <testcase name="testEditNullScroll()" classname="com.VSS.controller.ScrollControllerTest" time="0.012"/>
  <testcase name="testPreviewScroll()" classname="com.VSS.controller.ScrollControllerTest" time="0.011"/>
  <testcase name="testListOrSearchScrolls()" classname="com.VSS.controller.ScrollControllerTest" time="0.021"/>
  <testcase name="testPreviewNullScroll()" classname="com.VSS.controller.ScrollControllerTest" time="0.011"/>
  <testcase name="testUploadScroll()" classname="com.VSS.controller.ScrollControllerTest" time="0.013"/>
  <testcase name="testDeleteNullScroll()" classname="com.VSS.controller.ScrollControllerTest" time="0.01"/>
  <testcase name="testDownloadScroll()" classname="com.VSS.controller.ScrollControllerTest" time="0.012"/>
  <testcase name="testListScrollsByUser()" classname="com.VSS.controller.ScrollControllerTest" time="0.013"/>
  <testcase name="testDeleteScroll()" classname="com.VSS.controller.ScrollControllerTest" time="0.013"/>
  <testcase name="testSearchScrolls()" classname="com.VSS.controller.ScrollControllerTest" time="0.018"/>
  <testcase name="testEditScroll()" classname="com.VSS.controller.ScrollControllerTest" time="0.011"/>
  <testcase name="testNullListScrollsByUser()" classname="com.VSS.controller.ScrollControllerTest" time="0.009"/>
  <system-out><![CDATA[]]></system-out>
  <system-err><![CDATA[]]></system-err>
</testsuite>
