<?xml version="1.0" encoding="UTF-8"?>
<testsuite name="com.VSS.util.ScrollRespositoryTest" tests="16" skipped="0" failures="0" errors="0" timestamp="2024-10-24T00:00:07" hostname="LAPTOP-RG87O12C" time="2.691">
  <properties/>
  <testcase name="testFindAll()" classname="com.VSS.util.ScrollRespositoryTest" time="1.957"/>
  <testcase name="testSearchWithEmptyOwner()" classname="com.VSS.util.ScrollRespositoryTest" time="0.023"/>
  <testcase name="testSearchWithEmptyTitle()" classname="com.VSS.util.ScrollRespositoryTest" time="0.004"/>
  <testcase name="testIncrementDownloadCount()" classname="com.VSS.util.ScrollRespositoryTest" time="0.003"/>
  <testcase name="testScrollRowMapperDirectly()" classname="com.VSS.util.ScrollRespositoryTest" time="0.655"/>
  <testcase name="testSearchByOwner()" classname="com.VSS.util.ScrollRespositoryTest" time="0.002"/>
  <testcase name="testSearchNoParameters()" classname="com.VSS.util.ScrollRespositoryTest" time="0.003"/>
  <testcase name="testIncrementUploadCount()" classname="com.VSS.util.ScrollRespositoryTest" time="0.002"/>
  <testcase name="testUpdateScroll()" classname="com.VSS.util.ScrollRespositoryTest" time="0.004"/>
  <testcase name="testSaveScroll()" classname="com.VSS.util.ScrollRespositoryTest" time="0.002"/>
  <testcase name="testFindScrollByIdNotFound()" classname="com.VSS.util.ScrollRespositoryTest" time="0.003"/>
  <testcase name="testSearchScrolls()" classname="com.VSS.util.ScrollRespositoryTest" time="0.002"/>
  <testcase name="testFindScrollsByOwner()" classname="com.VSS.util.ScrollRespositoryTest" time="0.003"/>
  <testcase name="testSearchWithEmptyUploadedAt()" classname="com.VSS.util.ScrollRespositoryTest" time="0.002"/>
  <testcase name="testDeleteScrollById()" classname="com.VSS.util.ScrollRespositoryTest" time="0.003"/>
  <testcase name="testFindScrollById()" classname="com.VSS.util.ScrollRespositoryTest" time="0.003"/>
  <system-out><![CDATA[]]></system-out>
  <system-err><![CDATA[]]></system-err>
</testsuite>
